\BOOKMARK [1][-]{section.1}{\376\377\000I\000n\000t\000r\000o\000d\000u\000\347\000\343\000o}{}% 1
\BOOKMARK [1][-]{section.2}{\376\377\000V\000i\000s\000\343\000o\000\040\000G\000e\000r\000a\000l\000\040\000d\000a\000\040\000A\000r\000q\000u\000i\000t\000e\000t\000u\000r\000a}{}% 2
\BOOKMARK [1][-]{section.3}{\376\377\000E\000t\000a\000p\000a\000\040\0001\000\040\040\023\000\040\000P\000l\000a\000n\000e\000j\000a\000m\000e\000n\000t\000o\000\040\000e\000\040\000D\000e\000f\000i\000n\000i\000\347\000\343\000o\000\040\000d\000o\000\040\000P\000r\000o\000b\000l\000e\000m\000a}{}% 3
\BOOKMARK [2][-]{subsection.3.1}{\376\377\000E\000n\000t\000r\000a\000d\000a\000\040\000d\000o\000\040\000s\000i\000s\000t\000e\000m\000a}{section.3}% 4
\BOOKMARK [2][-]{subsection.3.2}{\376\377\000S\000a\000\355\000d\000a\000\040\000e\000s\000p\000e\000r\000a\000d\000a}{section.3}% 5
\BOOKMARK [2][-]{subsection.3.3}{\376\377\000R\000e\000c\000u\000r\000s\000o\000s\000\040\000l\000i\000m\000i\000t\000a\000d\000o\000s}{section.3}% 6
\BOOKMARK [2][-]{subsection.3.4}{\376\377\000P\000r\000o\000d\000u\000t\000o\000r\000e\000s\000,\000\040\000c\000o\000n\000s\000u\000m\000i\000d\000o\000r\000e\000s\000\040\000e\000\040\000f\000i\000l\000a}{section.3}% 7
\BOOKMARK [2][-]{subsection.3.5}{\376\377\000C\000o\000n\000f\000i\000g\000u\000r\000a\000\347\000\365\000e\000s\000\040\000d\000e\000\040\000t\000e\000s\000t\000e}{section.3}% 8
\BOOKMARK [2][-]{subsection.3.6}{\376\377\000M\000e\000c\000a\000n\000i\000s\000m\000o\000s\000\040\000d\000e\000\040\000s\000i\000n\000c\000r\000o\000n\000i\000z\000a\000\347\000\343\000o}{section.3}% 9
\BOOKMARK [1][-]{section.4}{\376\377\000E\000t\000a\000p\000a\000\040\0002\000\040\040\023\000\040\000I\000m\000p\000l\000e\000m\000e\000n\000t\000a\000\347\000\343\000o}{}% 10
\BOOKMARK [2][-]{subsection.4.1}{\376\377\000m\000a\000i\000n\000.\000p\000y}{section.4}% 11
\BOOKMARK [3][-]{subsubsection.4.1.1}{\376\377\000I\000m\000p\000o\000r\000t\000a\000\347\000\365\000e\000s}{subsection.4.1}% 12
\BOOKMARK [3][-]{subsubsection.4.1.2}{\376\377\000F\000u\000n\000\347\000\343\000o\000\040\000s\000i\000g\000n\000a\000l\000\137\000h\000a\000n\000d\000l\000e\000r}{subsection.4.1}% 13
\BOOKMARK [3][-]{subsubsection.4.1.3}{\376\377\000F\000l\000u\000x\000o\000\040\000p\000r\000i\000n\000c\000i\000p\000a\000l}{subsection.4.1}% 14
\BOOKMARK [3][-]{subsubsection.4.1.4}{\376\377\000F\000u\000n\000\347\000\343\000o\000\040\000d\000o\000\040\000a\000r\000q\000u\000i\000v\000o\000\040\000n\000o\000\040\000s\000i\000s\000t\000e\000m\000a}{subsection.4.1}% 15
\BOOKMARK [2][-]{subsection.4.2}{\376\377\000p\000i\000z\000z\000a\000r\000i\000a\000.\000p\000y}{section.4}% 16
\BOOKMARK [3][-]{subsubsection.4.2.1}{\376\377\000E\000s\000t\000r\000u\000t\000u\000r\000a\000s\000\040\000g\000l\000o\000b\000a\000i\000s}{subsection.4.2}% 17
\BOOKMARK [3][-]{subsubsection.4.2.2}{\376\377\000F\000u\000n\000\347\000\343\000o\000\040\000e\000h\000\137\000p\000r\000i\000m\000o}{subsection.4.2}% 18
\BOOKMARK [3][-]{subsubsection.4.2.3}{\376\377\000F\000u\000n\000\347\000\365\000e\000s\000\040\000d\000e\000\040\000a\000t\000u\000a\000l\000i\000z\000a\000\347\000\343\000o\000\040\000d\000e\000\040\000e\000s\000t\000a\000d\000o}{subsection.4.2}% 19
\BOOKMARK [3][-]{subsubsection.4.2.4}{\376\377\000C\000l\000a\000s\000s\000e\000\040\000C\000h\000e\000f}{subsection.4.2}% 20
\BOOKMARK [3][-]{subsubsection.4.2.5}{\376\377\000C\000l\000a\000s\000s\000e\000\040\000E\000n\000t\000r\000e\000g\000a\000d\000o\000r}{subsection.4.2}% 21
\BOOKMARK [3][-]{subsubsection.4.2.6}{\376\377\000F\000u\000n\000\347\000\343\000o\000\040\000i\000n\000i\000c\000i\000a\000r\000\137\000s\000i\000m\000u\000l\000a\000c\000a\000o}{subsection.4.2}% 22
\BOOKMARK [3][-]{subsubsection.4.2.7}{\376\377\000F\000u\000n\000\347\000\343\000o\000\040\000d\000o\000\040\000a\000r\000q\000u\000i\000v\000o\000\040\000n\000o\000\040\000s\000i\000s\000t\000e\000m\000a}{subsection.4.2}% 23
\BOOKMARK [2][-]{subsection.4.3}{\376\377\000i\000n\000t\000e\000r\000f\000a\000c\000e\000.\000p\000y}{section.4}% 24
\BOOKMARK [3][-]{subsubsection.4.3.1}{\376\377\000C\000l\000a\000s\000s\000e\000\040\000I\000n\000t\000e\000r\000f\000a\000c\000e}{subsection.4.3}% 25
\BOOKMARK [3][-]{subsubsection.4.3.2}{\376\377\000M\000\351\000t\000o\000d\000o\000\040\000u\000p\000d\000a\000t\000e}{subsection.4.3}% 26
\BOOKMARK [3][-]{subsubsection.4.3.3}{\376\377\000F\000u\000n\000\347\000\343\000o\000\040\000d\000o\000\040\000a\000r\000q\000u\000i\000v\000o\000\040\000n\000o\000\040\000s\000i\000s\000t\000e\000m\000a}{subsection.4.3}% 27
\BOOKMARK [2][-]{subsection.4.4}{\376\377\000g\000r\000a\000p\000h\000.\000p\000y}{section.4}% 28
\BOOKMARK [3][-]{subsubsection.4.4.1}{\376\377\000C\000o\000n\000f\000i\000g\000u\000r\000a\000\347\000\343\000o\000\040\000a\000t\000u\000a\000l}{subsection.4.4}% 29
\BOOKMARK [3][-]{subsubsection.4.4.2}{\376\377\000F\000l\000u\000x\000o\000\040\000d\000o\000\040\000s\000c\000r\000i\000p\000t}{subsection.4.4}% 30
\BOOKMARK [3][-]{subsubsection.4.4.3}{\376\377\000G\000r\000\341\000f\000i\000c\000o\000s\000\040\000g\000e\000r\000a\000d\000o\000s}{subsection.4.4}% 31
\BOOKMARK [3][-]{subsubsection.4.4.4}{\376\377\000O\000b\000s\000e\000r\000v\000a\000\347\000\343\000o\000\040\000s\000o\000b\000r\000e\000\040\000a\000d\000e\000r\000\352\000n\000c\000i\000a\000\040\000a\000o\000\040\000e\000n\000u\000n\000c\000i\000a\000d\000o}{subsection.4.4}% 32
\BOOKMARK [1][-]{section.5}{\376\377\000E\000v\000i\000d\000\352\000n\000c\000i\000a\000s\000\040\000d\000a\000\040\000I\000m\000p\000l\000e\000m\000e\000n\000t\000a\000\347\000\343\000o}{}% 33
\BOOKMARK [1][-]{section.6}{\376\377\000E\000t\000a\000p\000a\000\040\0003\000\040\040\023\000\040\000M\000e\000d\000i\000\347\000\343\000o\000\040\000e\000\040\000G\000r\000\341\000f\000i\000c\000o}{}% 34
\BOOKMARK [2][-]{subsection.6.1}{\376\377\000M\000\351\000t\000r\000i\000c\000a\000\040\000u\000t\000i\000l\000i\000z\000a\000d\000a}{section.6}% 35
\BOOKMARK [2][-]{subsection.6.2}{\376\377\000T\000a\000b\000e\000l\000a\000\040\000d\000e\000\040\000r\000e\000s\000u\000l\000t\000a\000d\000o\000s}{section.6}% 36
\BOOKMARK [1][-]{section.7}{\376\377\000E\000t\000a\000p\000a\000\040\0004\000\040\040\023\000\040\000A\000n\000\341\000l\000i\000s\000e\000\040\000p\000e\000l\000a\000\040\000L\000e\000i\000\040\000d\000e\000\040\000A\000m\000d\000a\000h\000l}{}% 37
\BOOKMARK [2][-]{subsection.7.1}{\376\377\000R\000e\000s\000p\000o\000s\000t\000a\000s\000\040\000d\000a\000\040\000E\000t\000a\000p\000a\000\040\0004}{section.7}% 38
\BOOKMARK [1][-]{section.8}{\376\377\000E\000t\000a\000p\000a\000\040\0005\000\040\040\023\000\040\000R\000e\000f\000l\000e\000x\000\343\000o\000\040\000F\000i\000n\000a\000l}{}% 39
\BOOKMARK [2][-]{subsection.8.1}{\376\377\000R\000e\000s\000p\000o\000s\000t\000a\000\040\000f\000i\000n\000a\000l}{section.8}% 40
\BOOKMARK [1][-]{section.9}{\376\377\000C\000o\000n\000c\000l\000u\000s\000\343\000o}{}% 41
